#! /usr/local/bin/vvp
:ivl_version "11.0 (devel)" "(s20150603-594-g7cd078e7)";
:ivl_delay_selection "TYPICAL";
:vpi_time_precision + 0;
:vpi_module "system";
:vpi_module "vhdl_sys";
:vpi_module "vhdl_textio";
:vpi_module "v2005_math";
:vpi_module "va_math";
S_0x55cbf42a73b0 .scope module, "jt6295_timing" "jt6295_timing" 2 22;
 .timescale 0 0;
    .port_info 0 /INPUT 1 "clk";
    .port_info 1 /INPUT 1 "cen";
    .port_info 2 /INPUT 1 "ss";
    .port_info 3 /OUTPUT 1 "cen_sr";
    .port_info 4 /OUTPUT 1 "cen_sr4";
L_0x7ff213811018 .functor BUFT 1, C4<011>, C4<0>, C4<0>, C4<0>;
v0x55cbf42a75e0_0 .net/2u *"_s0", 2 0, L_0x7ff213811018;  1 drivers
L_0x7ff213811060 .functor BUFT 1, C4<100>, C4<0>, C4<0>, C4<0>;
v0x55cbf42ef470_0 .net/2u *"_s2", 2 0, L_0x7ff213811060;  1 drivers
v0x55cbf42ef550_0 .var "base", 2 0;
o0x7ff21385a0a8 .functor BUFZ 1, C4<z>; HiZ drive
v0x55cbf42ef640_0 .net "cen", 0 0, o0x7ff21385a0a8;  0 drivers
v0x55cbf42ef700_0 .var "cen_sr", 0 0;
v0x55cbf42ef810_0 .var "cen_sr4", 0 0;
o0x7ff21385a138 .functor BUFZ 1, C4<z>; HiZ drive
v0x55cbf42ef8d0_0 .net "clk", 0 0, o0x7ff21385a138;  0 drivers
v0x55cbf42ef990_0 .var "cnt", 5 0;
v0x55cbf42efa70_0 .net "lim", 2 0, L_0x55cbf42efce0;  1 drivers
o0x7ff21385a1c8 .functor BUFZ 1, C4<z>; HiZ drive
v0x55cbf42efb50_0 .net "ss", 0 0, o0x7ff21385a1c8;  0 drivers
E_0x55cbf42dd5b0 .event posedge, v0x55cbf42ef8d0_0;
L_0x55cbf42efce0 .functor MUXZ 3, L_0x7ff213811060, L_0x7ff213811018, o0x7ff21385a1c8, C4<>;
    .scope S_0x55cbf42a73b0;
T_0 ;
    %pushi/vec4 0, 0, 3;
    %store/vec4 v0x55cbf42ef550_0, 0, 3;
    %pushi/vec4 0, 0, 6;
    %store/vec4 v0x55cbf42ef990_0, 0, 6;
    %end;
    .thread T_0;
    .scope S_0x55cbf42a73b0;
T_1 ;
    %wait E_0x55cbf42dd5b0;
    %pushi/vec4 0, 0, 1;
    %assign/vec4 v0x55cbf42ef810_0, 0;
    %pushi/vec4 0, 0, 1;
    %assign/vec4 v0x55cbf42ef700_0, 0;
    %load/vec4 v0x55cbf42ef640_0;
    %flag_set/vec4 8;
    %jmp/0xz  T_1.0, 8;
    %load/vec4 v0x55cbf42ef550_0;
    %load/vec4 v0x55cbf42efa70_0;
    %cmp/e;
    %flag_mov 8, 4;
    %jmp/0 T_1.2, 8;
    %pushi/vec4 0, 0, 3;
    %jmp/1 T_1.3, 8;
T_1.2 ; End of true expr.
    %pushi/vec4 1, 0, 3;
    %jmp/0 T_1.3, 8;
 ; End of false expr.
    %blend;
T_1.3;
    %assign/vec4 v0x55cbf42ef550_0, 0;
    %load/vec4 v0x55cbf42ef550_0;
    %cmpi/e 0, 0, 3;
    %jmp/0xz  T_1.4, 4;
    %load/vec4 v0x55cbf42ef990_0;
    %cmpi/e 32, 0, 6;
    %flag_mov 8, 4;
    %jmp/0 T_1.6, 8;
    %pushi/vec4 0, 0, 6;
    %jmp/1 T_1.7, 8;
T_1.6 ; End of true expr.
    %load/vec4 v0x55cbf42ef990_0;
    %addi 1, 0, 6;
    %jmp/0 T_1.7, 8;
 ; End of false expr.
    %blend;
T_1.7;
    %assign/vec4 v0x55cbf42ef990_0, 0;
T_1.4 ;
    %load/vec4 v0x55cbf42ef550_0;
    %parti/s 1, 2, 3;
    %inv;
    %assign/vec4 v0x55cbf42ef810_0, 0;
    %load/vec4 v0x55cbf42ef990_0;
    %load/vec4 v0x55cbf42ef550_0;
    %concat/vec4; draw_concat_vec4
    %pushi/vec4 0, 0, 9;
    %cmp/e;
    %flag_get/vec4 4;
    %assign/vec4 v0x55cbf42ef700_0, 0;
T_1.0 ;
    %jmp T_1;
    .thread T_1;
# The file index is used to find the file name in the following table.
:file_names 3;
    "N/A";
    "<interactive>";
    "jt6295_timing.v";
